Arguments: 
  C:\Program Files\nodejs\node.exe C:\Program Files (x86)\Yarn\bin\yarn.js add node-oracledb

PATH: 
  C:\ProgramData\DockerDesktop\version-bin;C:\Program Files\Docker\Docker\Resources\bin;C:\Program Files\Java\jdk1.8.0_211\bin;C:\Program Files (x86)\Common Files\Oracle\Java\javapath;C:\wamp64\bin\php\php5.6.40;C:\Program Files\Microsoft MPI\Bin\;C:\DevSuiteHome_1\jdk\jre\bin\classic;C:\DevSuiteHome_1\jdk\jre\bin;C:\DevSuiteHome_1\jdk\jre\bin\client;C:\DevSuiteHome_1\jlib;C:\DevSuiteHome_1\bin;C:\DevSuiteHome_1\jre\1.4.2\bin\client;C:\DevSuiteHome_1\jre\1.4.2\bin;C:\ProgramData\Oracle\Java\javapath;C:\WINDOWS\system32;C:\WINDOWS;C:\WINDOWS\System32\Wbem;C:\WINDOWS\System32\WindowsPowerShell\v1.0\;C:\Program Files\dotnet\;C:\Program Files\Microsoft SQL Server\130\Tools\Binn\;C:\Program Files (x86)\PuTTY\;C:\Program Files (x86)\Windows Kits\10\Windows Performance Toolkit\;C:\xampp\php;C:\ProgramData\ComposerSetup\bin;C:\src\Dart\dart-sdk\bin;C:\WINDOWS\System32\OpenSSH\;C:\Program Files\nodejs\;C:\Program Files\TortoiseSVN\bin;C:\Program Files (x86)\Yarn\bin\;C:\ProgramData\chocolatey\bin;C:\Program Files\Git\cmd;C:\Users\rsouza\AppData\Local\Programs\Python\Python37-32\Scripts\;C:\Users\rsouza\AppData\Local\Programs\Python\Python37-32\;C:\Users\rsouza\AppData\Local\Microsoft\WindowsApps;C:\Users\rsouza\.dotnet\tools;C:\Users\rsouza\AppData\Local\atom\bin;C:\Users\rsouza\AppData\Roaming\Composer\vendor\bin;C:\Users\rsouza\AppData\Local\Programs\Microsoft VS Code\bin;C:\Program Files\nodejs;C:\Users\rsouza\AppData\Local\Android\Sdk\emulator;C:\Users\rsouza\AppData\Local\Android\Sdk\tools;C:\Users\rsouza\AppData\Local\Android\Sdk\tools\bin;C:\Users\rsouza\AppData\Local\Android\Sdk\platform-tools;C:\Users\rsouza\AppData\Local\GitHubDesktop\bin;C:\Users\rsouza\AppData\Local\Programs\MiKTeX 2.9\miktex\bin\x64\;C:\src\flutter\bin;C:\Users\rsouza\AppData\Local\Microsoft\WindowsApps;C:\Users\rsouza\AppData\Roaming\npm;C:\Program Files\Java\jdk1.8.0_211\bin;C:\Users\rsouza\AppData\Local\Android\Sdk\build-tools;C:\Users\rsouza\AppData\Local\Yarn\bin

Yarn version: 
  1.17.3

Node version: 
  10.16.0

Platform: 
  win32 x64

Trace: 
  Error: https://registry.yarnpkg.com/node-oracledb: Not found
      at Request.params.callback [as _callback] (C:\Program Files (x86)\Yarn\lib\cli.js:65939:18)
      at Request.self.callback (C:\Program Files (x86)\Yarn\lib\cli.js:140464:22)
      at Request.emit (events.js:198:13)
      at Request.<anonymous> (C:\Program Files (x86)\Yarn\lib\cli.js:141436:10)
      at Request.emit (events.js:198:13)
      at IncomingMessage.<anonymous> (C:\Program Files (x86)\Yarn\lib\cli.js:141358:12)
      at Object.onceWrapper (events.js:286:20)
      at IncomingMessage.emit (events.js:203:15)
      at endReadableNT (_stream_readable.js:1129:12)
      at process._tickCallback (internal/process/next_tick.js:63:19)

npm manifest: 
  {
    "name": "oraclenode",
    "version": "1.0.0",
    "main": "index.js",
    "license": "MIT"
  }

yarn manifest: 
  No manifest

Lockfile: 
  No lockfile
